<?xml version="1.0" encoding="UTF-8"?>
<testng-results ignored="0" total="1" passed="1" failed="0" skipped="0">
  <reporter-output>
  </reporter-output>
  <suite started-at="2023-07-06T12:05:45 IST" name="Default suite" finished-at="2023-07-06T12:06:09 IST" duration-ms="24243">
    <groups>
    </groups>
    <test started-at="2023-07-06T12:05:45 IST" name="Default test" finished-at="2023-07-06T12:06:09 IST" duration-ms="24243">
      <class name="test.Navee1">
        <test-method is-config="true" signature="setup()[pri:0, instance:test.Navee1@bae7dc0]" started-at="2023-07-06T12:05:45 IST" name="setup" finished-at="2023-07-06T12:05:49 IST" duration-ms="3654" status="PASS">
          <reporter-output>
          </reporter-output>
        </test-method> <!-- setup -->
        <test-method signature="testing()[pri:0, instance:test.Navee1@bae7dc0]" started-at="2023-07-06T12:05:49 IST" name="testing" finished-at="2023-07-06T12:06:09 IST" duration-ms="20562" status="PASS">
          <reporter-output>
          </reporter-output>
        </test-method> <!-- testing -->
      </class> <!-- test.Navee1 -->
    </test> <!-- Default test -->
  </suite> <!-- Default suite -->
</testng-results>
